[ERROR] 2025-03-23 03:14:24.035 [main] PackageRelationshipCollection - Cannot convert mailto:Protect@123#45% in a valid relationship URI-> dummy-URI used
java.net.URISyntaxException: Malformed escape pair at index 21: mailto:Protect@123#45%
	at java.net.URI$Parser.fail(URI.java:2974) ~[?:?]
	at java.net.URI$Parser.scanEscape(URI.java:3102) ~[?:?]
	at java.net.URI$Parser.scan(URI.java:3125) ~[?:?]
	at java.net.URI$Parser.checkChars(URI.java:3143) ~[?:?]
	at java.net.URI$Parser.parse(URI.java:3189) ~[?:?]
	at java.net.URI.<init>(URI.java:623) ~[?:?]
	at org.apache.poi.openxml4j.opc.PackagingURIHelper.toURI(PackagingURIHelper.java:723) ~[poi-ooxml-5.2.3.jar:5.2.3]
	at org.apache.poi.openxml4j.opc.PackageRelationshipCollection.parseRelationshipsPart(PackageRelationshipCollection.java:358) ~[poi-ooxml-5.2.3.jar:5.2.3]
	at org.apache.poi.openxml4j.opc.PackageRelationshipCollection.<init>(PackageRelationshipCollection.java:160) ~[poi-ooxml-5.2.3.jar:5.2.3]
	at org.apache.poi.openxml4j.opc.PackageRelationshipCollection.<init>(PackageRelationshipCollection.java:130) ~[poi-ooxml-5.2.3.jar:5.2.3]
	at org.apache.poi.openxml4j.opc.PackagePart.loadRelationships(PackagePart.java:565) ~[poi-ooxml-5.2.3.jar:5.2.3]
	at org.apache.poi.openxml4j.opc.OPCPackage.getParts(OPCPackage.java:751) ~[poi-ooxml-5.2.3.jar:5.2.3]
	at org.apache.poi.openxml4j.opc.OPCPackage.open(OPCPackage.java:322) ~[poi-ooxml-5.2.3.jar:5.2.3]
	at org.apache.poi.ooxml.util.PackageHelper.open(PackageHelper.java:59) ~[poi-ooxml-5.2.3.jar:5.2.3]
	at org.apache.poi.xssf.usermodel.XSSFWorkbook.<init>(XSSFWorkbook.java:290) ~[poi-ooxml-5.2.3.jar:5.2.3]
	at org.apache.poi.xssf.usermodel.XSSFWorkbook.<init>(XSSFWorkbook.java:286) ~[poi-ooxml-5.2.3.jar:5.2.3]
	at com.Utility.ExcelReader.getSheet(ExcelReader.java:23) ~[classes/:?]
	at com.Utility.ExcelReader.getdata(ExcelReader.java:29) ~[classes/:?]
	at test.FullSetupTest.gettestdate(FullSetupTest.java:196) ~[test-classes/:?]
	at jdk.internal.reflect.NativeMethodAccessorImpl.invoke0(Native Method) ~[?:?]
	at jdk.internal.reflect.NativeMethodAccessorImpl.invoke(NativeMethodAccessorImpl.java:77) ~[?:?]
	at jdk.internal.reflect.DelegatingMethodAccessorImpl.invoke(DelegatingMethodAccessorImpl.java:43) ~[?:?]
	at java.lang.reflect.Method.invoke(Method.java:568) ~[?:?]
	at org.testng.internal.MethodInvocationHelper.invokeMethod(MethodInvocationHelper.java:133) ~[org.testng_7.4.0.r202105021533.jar:7.4.0]
	at org.testng.internal.MethodInvocationHelper.invokeMethod(MethodInvocationHelper.java:77) ~[org.testng_7.4.0.r202105021533.jar:7.4.0]
	at org.testng.internal.MethodInvocationHelper.invokeMethodNoCheckedException(MethodInvocationHelper.java:46) ~[org.testng_7.4.0.r202105021533.jar:7.4.0]
	at org.testng.internal.MethodInvocationHelper.invokeDataProvider(MethodInvocationHelper.java:146) ~[org.testng_7.4.0.r202105021533.jar:7.4.0]
	at org.testng.internal.Parameters.handleParameters(Parameters.java:798) ~[org.testng_7.4.0.r202105021533.jar:7.4.0]
	at org.testng.internal.Parameters.handleParameters(Parameters.java:740) ~[org.testng_7.4.0.r202105021533.jar:7.4.0]
	at org.testng.internal.ParameterHandler.handleParameters(ParameterHandler.java:59) ~[org.testng_7.4.0.r202105021533.jar:7.4.0]
	at org.testng.internal.ParameterHandler.createParameters(ParameterHandler.java:38) ~[org.testng_7.4.0.r202105021533.jar:7.4.0]
	at org.testng.internal.TestInvoker$MethodInvocationAgent.invoke(TestInvoker.java:791) ~[org.testng_7.4.0.r202105021533.jar:7.4.0]
	at org.testng.internal.TestInvoker.invokeTestMethods(TestInvoker.java:146) ~[org.testng_7.4.0.r202105021533.jar:7.4.0]
	at org.testng.internal.TestMethodWorker.invokeTestMethods(TestMethodWorker.java:146) ~[org.testng_7.4.0.r202105021533.jar:7.4.0]
	at org.testng.internal.TestMethodWorker.run(TestMethodWorker.java:128) ~[org.testng_7.4.0.r202105021533.jar:7.4.0]
	at java.util.ArrayList.forEach(ArrayList.java:1511) [?:?]
	at org.testng.TestRunner.privateRun(TestRunner.java:794) [org.testng_7.4.0.r202105021533.jar:7.4.0]
	at org.testng.TestRunner.run(TestRunner.java:596) [org.testng_7.4.0.r202105021533.jar:7.4.0]
	at org.testng.SuiteRunner.runTest(SuiteRunner.java:377) [org.testng_7.4.0.r202105021533.jar:7.4.0]
	at org.testng.SuiteRunner.runSequentially(SuiteRunner.java:371) [org.testng_7.4.0.r202105021533.jar:7.4.0]
	at org.testng.SuiteRunner.privateRun(SuiteRunner.java:332) [org.testng_7.4.0.r202105021533.jar:7.4.0]
	at org.testng.SuiteRunner.run(SuiteRunner.java:276) [org.testng_7.4.0.r202105021533.jar:7.4.0]
	at org.testng.SuiteRunnerWorker.runSuite(SuiteRunnerWorker.java:53) [org.testng_7.4.0.r202105021533.jar:7.4.0]
	at org.testng.SuiteRunnerWorker.run(SuiteRunnerWorker.java:96) [org.testng_7.4.0.r202105021533.jar:7.4.0]
	at org.testng.TestNG.runSuitesSequentially(TestNG.java:1212) [org.testng_7.4.0.r202105021533.jar:7.4.0]
	at org.testng.TestNG.runSuitesLocally(TestNG.java:1134) [org.testng_7.4.0.r202105021533.jar:7.4.0]
	at org.testng.TestNG.runSuites(TestNG.java:1063) [org.testng_7.4.0.r202105021533.jar:7.4.0]
	at org.testng.TestNG.run(TestNG.java:1031) [org.testng_7.4.0.r202105021533.jar:7.4.0]
	at org.testng.remote.AbstractRemoteTestNG.run(AbstractRemoteTestNG.java:115) [testng-remote.jar:?]
	at org.testng.remote.RemoteTestNG.initAndRun(RemoteTestNG.java:251) [testng-remote.jar:?]
	at org.testng.remote.RemoteTestNG.main(RemoteTestNG.java:77) [testng-remote.jar:?]
[ERROR] 2025-03-23 03:14:24.065 [main] PackageRelationshipCollection - Cannot convert mailto:Protect@123#45% in a valid relationship URI-> dummy-URI used
java.net.URISyntaxException: Malformed escape pair at index 21: mailto:Protect@123#45%
	at java.net.URI$Parser.fail(URI.java:2974) ~[?:?]
	at java.net.URI$Parser.scanEscape(URI.java:3102) ~[?:?]
	at java.net.URI$Parser.scan(URI.java:3125) ~[?:?]
	at java.net.URI$Parser.checkChars(URI.java:3143) ~[?:?]
	at java.net.URI$Parser.parse(URI.java:3189) ~[?:?]
	at java.net.URI.<init>(URI.java:623) ~[?:?]
	at org.apache.poi.openxml4j.opc.PackagingURIHelper.toURI(PackagingURIHelper.java:723) ~[poi-ooxml-5.2.3.jar:5.2.3]
	at org.apache.poi.openxml4j.opc.PackageRelationshipCollection.parseRelationshipsPart(PackageRelationshipCollection.java:358) ~[poi-ooxml-5.2.3.jar:5.2.3]
	at org.apache.poi.openxml4j.opc.PackageRelationshipCollection.<init>(PackageRelationshipCollection.java:160) ~[poi-ooxml-5.2.3.jar:5.2.3]
	at org.apache.poi.openxml4j.opc.PackageRelationshipCollection.<init>(PackageRelationshipCollection.java:130) ~[poi-ooxml-5.2.3.jar:5.2.3]
	at org.apache.poi.openxml4j.opc.PackagePart.loadRelationships(PackagePart.java:565) ~[poi-ooxml-5.2.3.jar:5.2.3]
	at org.apache.poi.openxml4j.opc.OPCPackage.getParts(OPCPackage.java:751) ~[poi-ooxml-5.2.3.jar:5.2.3]
	at org.apache.poi.openxml4j.opc.OPCPackage.open(OPCPackage.java:322) ~[poi-ooxml-5.2.3.jar:5.2.3]
	at org.apache.poi.ooxml.util.PackageHelper.open(PackageHelper.java:59) ~[poi-ooxml-5.2.3.jar:5.2.3]
	at org.apache.poi.xssf.usermodel.XSSFWorkbook.<init>(XSSFWorkbook.java:290) ~[poi-ooxml-5.2.3.jar:5.2.3]
	at org.apache.poi.xssf.usermodel.XSSFWorkbook.<init>(XSSFWorkbook.java:286) ~[poi-ooxml-5.2.3.jar:5.2.3]
	at com.Utility.ExcelReader.getSheet(ExcelReader.java:23) ~[classes/:?]
	at com.Utility.ExcelReader.getdata(ExcelReader.java:29) ~[classes/:?]
	at test.FullSetupTest.gettestdate(FullSetupTest.java:196) ~[test-classes/:?]
	at jdk.internal.reflect.NativeMethodAccessorImpl.invoke0(Native Method) ~[?:?]
	at jdk.internal.reflect.NativeMethodAccessorImpl.invoke(NativeMethodAccessorImpl.java:77) ~[?:?]
	at jdk.internal.reflect.DelegatingMethodAccessorImpl.invoke(DelegatingMethodAccessorImpl.java:43) ~[?:?]
	at java.lang.reflect.Method.invoke(Method.java:568) ~[?:?]
	at org.testng.internal.MethodInvocationHelper.invokeMethod(MethodInvocationHelper.java:133) ~[org.testng_7.4.0.r202105021533.jar:7.4.0]
	at org.testng.internal.MethodInvocationHelper.invokeMethod(MethodInvocationHelper.java:77) ~[org.testng_7.4.0.r202105021533.jar:7.4.0]
	at org.testng.internal.MethodInvocationHelper.invokeMethodNoCheckedException(MethodInvocationHelper.java:46) ~[org.testng_7.4.0.r202105021533.jar:7.4.0]
	at org.testng.internal.MethodInvocationHelper.invokeDataProvider(MethodInvocationHelper.java:146) ~[org.testng_7.4.0.r202105021533.jar:7.4.0]
	at org.testng.internal.Parameters.handleParameters(Parameters.java:798) ~[org.testng_7.4.0.r202105021533.jar:7.4.0]
	at org.testng.internal.Parameters.handleParameters(Parameters.java:740) ~[org.testng_7.4.0.r202105021533.jar:7.4.0]
	at org.testng.internal.ParameterHandler.handleParameters(ParameterHandler.java:59) ~[org.testng_7.4.0.r202105021533.jar:7.4.0]
	at org.testng.internal.ParameterHandler.createParameters(ParameterHandler.java:38) ~[org.testng_7.4.0.r202105021533.jar:7.4.0]
	at org.testng.internal.TestInvoker$MethodInvocationAgent.invoke(TestInvoker.java:791) ~[org.testng_7.4.0.r202105021533.jar:7.4.0]
	at org.testng.internal.TestInvoker.invokeTestMethods(TestInvoker.java:146) ~[org.testng_7.4.0.r202105021533.jar:7.4.0]
	at org.testng.internal.TestMethodWorker.invokeTestMethods(TestMethodWorker.java:146) ~[org.testng_7.4.0.r202105021533.jar:7.4.0]
	at org.testng.internal.TestMethodWorker.run(TestMethodWorker.java:128) ~[org.testng_7.4.0.r202105021533.jar:7.4.0]
	at java.util.ArrayList.forEach(ArrayList.java:1511) [?:?]
	at org.testng.TestRunner.privateRun(TestRunner.java:794) [org.testng_7.4.0.r202105021533.jar:7.4.0]
	at org.testng.TestRunner.run(TestRunner.java:596) [org.testng_7.4.0.r202105021533.jar:7.4.0]
	at org.testng.SuiteRunner.runTest(SuiteRunner.java:377) [org.testng_7.4.0.r202105021533.jar:7.4.0]
	at org.testng.SuiteRunner.runSequentially(SuiteRunner.java:371) [org.testng_7.4.0.r202105021533.jar:7.4.0]
	at org.testng.SuiteRunner.privateRun(SuiteRunner.java:332) [org.testng_7.4.0.r202105021533.jar:7.4.0]
	at org.testng.SuiteRunner.run(SuiteRunner.java:276) [org.testng_7.4.0.r202105021533.jar:7.4.0]
	at org.testng.SuiteRunnerWorker.runSuite(SuiteRunnerWorker.java:53) [org.testng_7.4.0.r202105021533.jar:7.4.0]
	at org.testng.SuiteRunnerWorker.run(SuiteRunnerWorker.java:96) [org.testng_7.4.0.r202105021533.jar:7.4.0]
	at org.testng.TestNG.runSuitesSequentially(TestNG.java:1212) [org.testng_7.4.0.r202105021533.jar:7.4.0]
	at org.testng.TestNG.runSuitesLocally(TestNG.java:1134) [org.testng_7.4.0.r202105021533.jar:7.4.0]
	at org.testng.TestNG.runSuites(TestNG.java:1063) [org.testng_7.4.0.r202105021533.jar:7.4.0]
	at org.testng.TestNG.run(TestNG.java:1031) [org.testng_7.4.0.r202105021533.jar:7.4.0]
	at org.testng.remote.AbstractRemoteTestNG.run(AbstractRemoteTestNG.java:115) [testng-remote.jar:?]
	at org.testng.remote.RemoteTestNG.initAndRun(RemoteTestNG.java:251) [testng-remote.jar:?]
	at org.testng.remote.RemoteTestNG.main(RemoteTestNG.java:77) [testng-remote.jar:?]
[INFO ] 2025-03-23 03:14:25.165 [main] Log - *** Running test method FullSetupTest...
[INFO ] 2025-03-23 03:14:29.508 [main] Log - Driver has initialized successfully for Chromebrowser
[INFO ] 2025-03-23 03:14:32.956 [main] Log - Title is displayed : Getcalley - Login
[INFO ] 2025-03-23 03:14:34.133 [main] Log - The user was successfully able to see the username field.
[INFO ] 2025-03-23 03:14:35.429 [main] Log - User successfully entered the 'mohdaqibalam234@yopmail.com' into the username field.
[INFO ] 2025-03-23 03:14:36.622 [main] Log - The user was successfully able to see the password field.
[INFO ] 2025-03-23 03:14:37.834 [main] Log - User successfully entered the 'Protect@123#45%' into the password field.
[INFO ] 2025-03-23 03:14:38.984 [main] Log - The user was successfully able to see the Sign In Button.
[INFO ] 2025-03-23 03:14:53.505 [main] Log - User successfully Clicked on the Sign In Button.
[INFO ] 2025-03-23 03:14:59.616 [main] Log - The user was successfully able to see the Notification pop up.
[INFO ] 2025-03-23 03:15:03.859 [main] Log - User successfully Clicked on the Notification pop up.
[INFO ] 2025-03-23 03:15:05.007 [main] Log - The user was successfully able to see the Team Dropdown.
[INFO ] 2025-03-23 03:15:05.237 [main] Log - User successfully Mouse Hover on the Team Dropdown.
[INFO ] 2025-03-23 03:15:06.379 [main] Log - The user was successfully able to see the Agent Tab.
[INFO ] 2025-03-23 03:15:16.491 [main] Log - User successfully Clicked on the Agent Tab.
[INFO ] 2025-03-23 03:15:17.605 [main] Log - The user was successfully able to see the AgentName field.
[INFO ] 2025-03-23 03:15:18.726 [main] Log - User successfully entered the 'Agent' into the AgentName field.
[INFO ] 2025-03-23 03:15:19.864 [main] Log - The user was successfully able to see the Agent_Mobile_No field.
[INFO ] 2025-03-23 03:15:21.045 [main] Log - User successfully entered the '8882198524' into the Agent_Mobile_No field.
[INFO ] 2025-03-23 03:15:22.171 [main] Log - The user was successfully able to see the Agent_Email field.
[INFO ] 2025-03-23 03:15:23.346 [main] Log - User successfully entered the 'rkuzhsjw@yopmail.com' into the Agent_Email field.
[INFO ] 2025-03-23 03:15:24.449 [main] Log - The user was successfully able to see the Agent_Password field.
[INFO ] 2025-03-23 03:15:25.623 [main] Log - User successfully entered the 'Protect@123#45%' into the Agent_Password field.
[INFO ] 2025-03-23 03:15:26.737 [main] Log - The user was successfully able to see the Agent submit button.
[INFO ] 2025-03-23 03:15:35.696 [main] Log - User successfully Clicked on the Agent submit button.
[INFO ] 2025-03-23 03:15:35.818 [main] Log - System able to found the element :By.xpath: //*[@class='sweet-alert showSweetAlert visible']//p[contains(@style,'display')]Text:-Agent Added Successfully!
[INFO ] 2025-03-23 03:15:36.920 [main] Log - The user was successfully able to see the Ok button.
[INFO ] 2025-03-23 03:15:45.760 [main] Log - User successfully Clicked on the Ok button.
[INFO ] 2025-03-23 03:15:46.853 [main] Log - The user was successfully able to see the AgentName field.
[INFO ] 2025-03-23 03:15:48.046 [main] Log - User successfully entered the 'Agent Testing' into the AgentName field.
[INFO ] 2025-03-23 03:15:49.199 [main] Log - The user was successfully able to see the Agent_Mobile_No field.
[INFO ] 2025-03-23 03:15:50.360 [main] Log - User successfully entered the '8882198524' into the Agent_Mobile_No field.
[INFO ] 2025-03-23 03:15:51.449 [main] Log - The user was successfully able to see the Agent_Email field.
[INFO ] 2025-03-23 03:15:52.596 [main] Log - User successfully entered the 'ejsumjlg@yopmail.com' into the Agent_Email field.
[INFO ] 2025-03-23 03:15:53.688 [main] Log - The user was successfully able to see the Agent_Password field.
[INFO ] 2025-03-23 03:15:54.878 [main] Log - User successfully entered the 'Protect@123#45%' into the Agent_Password field.
[INFO ] 2025-03-23 03:15:55.960 [main] Log - The user was successfully able to see the Agent submit button.
[INFO ] 2025-03-23 03:16:04.505 [main] Log - User successfully Clicked on the Agent submit button.
[INFO ] 2025-03-23 03:16:04.637 [main] Log - System able to found the element :By.xpath: //*[@class='sweet-alert showSweetAlert visible']//p[contains(@style,'display')]Text:-Agent Added Successfully!
[INFO ] 2025-03-23 03:16:05.717 [main] Log - The user was successfully able to see the Ok button.
[INFO ] 2025-03-23 03:16:12.521 [main] Log - User successfully Clicked on the Ok button.
[INFO ] 2025-03-23 03:16:13.635 [main] Log - The user was successfully able to see the Call List Dropdown.
[INFO ] 2025-03-23 03:16:13.796 [main] Log - User successfully Mouse Hover on the Call List Dropdown.
[INFO ] 2025-03-23 03:16:14.892 [main] Log - The user was successfully able to see the Add_Power_Import_Tab.
[INFO ] 2025-03-23 03:16:21.048 [main] Log - User successfully Clicked on the Add_Power_Import_Tab.
[INFO ] 2025-03-23 03:16:22.213 [main] Log - The user was successfully able to see the List Name field.
[INFO ] 2025-03-23 03:16:23.397 [main] Log - User successfully entered the 'CSVUPLOADFILENAME' into the List Name field.
[INFO ] 2025-03-23 03:16:24.510 [main] Log - The user was successfully able to see the Select Agent dropdown
[INFO ] 2025-03-23 03:16:28.803 [main] Log - User successfully Clicked on the Select Agent dropdown
[INFO ] 2025-03-23 03:16:29.910 [main] Log - The user was successfully able to see the Select ALL Agent dropdown
[INFO ] 2025-03-23 03:16:34.253 [main] Log - User successfully Clicked on the Select ALL Agent dropdown
[INFO ] 2025-03-23 03:16:39.705 [main] Log - The user was successfully able to see the Choose File
[INFO ] 2025-03-23 03:16:43.914 [main] Log - User successfully Clicked on the Choose File
[INFO ] 2025-03-23 03:16:51.375 [main] Log - The user was successfully able to see the upload File
[INFO ] 2025-03-23 03:16:57.209 [main] Log - User successfully Clicked on the upload File
[INFO ] 2025-03-23 03:16:58.423 [main] Log - The user was successfully able to see the Ok button.
[INFO ] 2025-03-23 03:17:07.745 [main] Log - User successfully Clicked on the Ok button.
[INFO ] 2025-03-23 03:17:08.878 [main] Log - The user was successfully able to see the Select First Column.
[INFO ] 2025-03-23 03:17:11.124 [main] Log - Choose 'FirstName' for Select First Column.
[INFO ] 2025-03-23 03:17:12.210 [main] Log - The user was successfully able to see the Select Second Column.
[INFO ] 2025-03-23 03:17:14.493 [main] Log - Choose 'Phone' for Select Second Column.
[INFO ] 2025-03-23 03:17:15.600 [main] Log - The user was successfully able to see the Select Third Column.
[INFO ] 2025-03-23 03:17:17.856 [main] Log - Choose 'Notes' for Select Third Column.
[INFO ] 2025-03-23 03:17:20.070 [main] Log - The user was successfully able to see the Import_Data
[INFO ] 2025-03-23 03:17:27.744 [main] Log - User successfully Clicked on the Import_Data
[INFO ] 2025-03-23 03:17:28.818 [main] Log - The user was successfully able to see the Ok button.
[INFO ] 2025-03-23 03:17:34.166 [main] Log - User successfully Clicked on the Ok button.
[INFO ] 2025-03-23 03:17:34.302 [main] Log - System able to found the element :By.xpath: (//*[@id="dt_table"]//tbody//tr//td)[4]//aText:-CSVUPLOADFILENAME
[INFO ] 2025-03-23 03:17:35.386 [main] Log - The user was successfully able to see the User icon.
[INFO ] 2025-03-23 03:17:39.662 [main] Log - User successfully Clicked on the User icon.
[INFO ] 2025-03-23 03:17:41.830 [main] Log - The user was successfully able to see the Logout.
[INFO ] 2025-03-23 03:17:48.858 [main] Log - User successfully Clicked on the Logout.
[INFO ] 2025-03-23 03:17:50.001 [main] Log - *** Test Suite FullSetupTest ending ***
